Using pre-set license
Built from '6000.1/staging' branch; Version is '6000.1.3f1 (f34db9734971) revision 15945145'; Using compiler version '194234433'; Build Type 'Release'
OS: 'Windows 11  (10.0.26100) 64bit Core' Language: 'en' Physical Memory: 32387 MB
BatchMode: 1, IsHumanControllingUs: 0, StartBugReporterOnCrash: 0, Is64bit: 1, IsPro: 1
Date: 2025-05-23T17:42:22Z

COMMAND LINE ARGUMENTS:
A:\UnityHub\Unity Hub\6000.1.3f1\Editor\Unity.exe
-adb2
-batchMode
-noUpm
-name
AssetImportWorker8
-projectPath
A:/UnityHub/First School Design
-logFile
Logs/AssetImportWorker8.log
-srvPort
60792
-job-worker-count
7
-background-job-worker-count
8
-gc-helper-count
1
-name
AssetImport
Successfully changed project path to: A:/UnityHub/First School Design
A:/UnityHub/First School Design
[UnityMemory] Configuration Parameters - Can be set up in boot.config
    "memorysetup-allocator-temp-initial-block-size-main=262144"
    "memorysetup-allocator-temp-initial-block-size-worker=262144"
    "memorysetup-bucket-allocator-granularity=16"
    "memorysetup-bucket-allocator-bucket-count=8"
    "memorysetup-bucket-allocator-block-size=33554432"
    "memorysetup-bucket-allocator-block-count=8"
    "memorysetup-main-allocator-block-size=16777216"
    "memorysetup-thread-allocator-block-size=16777216"
    "memorysetup-gfx-main-allocator-block-size=16777216"
    "memorysetup-gfx-thread-allocator-block-size=16777216"
    "memorysetup-cache-allocator-block-size=4194304"
    "memorysetup-typetree-allocator-block-size=2097152"
    "memorysetup-profiler-bucket-allocator-granularity=16"
    "memorysetup-profiler-bucket-allocator-bucket-count=8"
    "memorysetup-profiler-bucket-allocator-block-size=33554432"
    "memorysetup-profiler-bucket-allocator-block-count=8"
    "memorysetup-profiler-allocator-block-size=16777216"
    "memorysetup-profiler-editor-allocator-block-size=1048576"
    "memorysetup-temp-allocator-size-main=16777216"
    "memorysetup-job-temp-allocator-block-size=2097152"
    "memorysetup-job-temp-allocator-block-size-background=1048576"
    "memorysetup-job-temp-allocator-reduction-small-platforms=262144"
    "memorysetup-temp-allocator-size-background-worker=32768"
    "memorysetup-temp-allocator-size-job-worker=262144"
    "memorysetup-temp-allocator-size-preload-manager=33554432"
    "memorysetup-temp-allocator-size-nav-mesh-worker=65536"
    "memorysetup-temp-allocator-size-audio-worker=65536"
    "memorysetup-temp-allocator-size-cloud-worker=32768"
    "memorysetup-temp-allocator-size-gi-baking-worker=262144"
    "memorysetup-temp-allocator-size-gi-baking-worker=262144"
    "memorysetup-temp-allocator-size-gi-baking-worker=262144"
    "memorysetup-temp-allocator-size-gi-baking-worker=262144"
    "memorysetup-temp-allocator-size-gi-baking-worker=262144"
    "memorysetup-temp-allocator-size-gfx=262144"
Player connection [7088]  Target information:

Player connection [7088]  * "[IP] 172.20.94.121 [Port] 0 [Flags] 2 [Guid] 580823001 [EditorId] 580823001 [Version] 1048832 [Id] WindowsEditor(7,WarMachinePP) [Debug] 1 [PackageName] WindowsEditor [ProjectName] Editor" 

Player connection [7088] Host joined multi-casting on [225.0.0.222:54997]...
Player connection [7088] Host joined alternative multi-casting on [225.0.0.222:34997]...
JobSystem: Creating JobQueue using job-worker-count value 7
Input System module state changed to: Initialized.
[Physics::Module] Initialized fallback backend.
[Physics::Module] Id: 0xdecafbad
Library Redirect Path: Library/
[Physics::Module] Selected backend.
[Physics::Module] Name: PhysX
[Physics::Module] Id: 0xf2b8ea05
[Physics::Module] SDK Version: 4.1.2
[Physics::Module] Integration Version: 1.0.0
[Physics::Module] Threading Mode: Multi-Threaded
Refreshing native plugins compatible for Editor in 1.88 ms, found 3 plugins.
Preloading 0 native plugins for Editor in 0.00 ms.
Initialize engine version: 6000.1.3f1 (f34db9734971)
[Subsystems] Discovering subsystems at path A:/UnityHub/Unity Hub/6000.1.3f1/Editor/Data/Resources/UnitySubsystems
[Subsystems] Discovering subsystems at path A:/UnityHub/First School Design/Assets
GfxDevice: creating device client; kGfxThreadingModeNonThreaded
Direct3D:
    Version:         Direct3D 12 [level 12.1]
    Renderer:        NVIDIA GeForce RTX 4070 Laptop GPU (ID=0x2860)
    Vendor:          NVIDIA
    VRAM:            7948 MB
    App VRAM Budget: 7180 MB
    Driver:          32.0.15.7640
Initialize mono
Mono path[0] = 'A:/UnityHub/Unity Hub/6000.1.3f1/Editor/Data/Managed'
Mono path[1] = 'A:/UnityHub/Unity Hub/6000.1.3f1/Editor/Data/MonoBleedingEdge/lib/mono/unityjit-win32'
Mono config path = 'A:/UnityHub/Unity Hub/6000.1.3f1/Editor/Data/MonoBleedingEdge/etc'
Using monoOptions --debugger-agent=transport=dt_socket,embedding=1,server=y,suspend=n,address=127.0.0.1:56368
Begin MonoManager ReloadAssembly
Registering precompiled unity dll's ...
Register platform support module: A:/UnityHub/Unity Hub/6000.1.3f1/Editor/Data/PlaybackEngines/WebGLSupport/UnityEditor.WebGL.Extensions.dll
Register platform support module: A:/UnityHub/Unity Hub/6000.1.3f1/Editor/Data/PlaybackEngines/WindowsStandaloneSupport/UnityEditor.WindowsStandalone.Extensions.dll
Registered in 0.000941 seconds.
- Loaded All Assemblies, in  0.355 seconds
Native extension for WindowsStandalone target not found
Native extension for WebGL target not found
Mono: successfully reloaded assembly
- Finished resetting the current domain, in  0.348 seconds
Domain Reload Profiling: 703ms
	BeginReloadAssembly (119ms)
		ExecutionOrderSort (0ms)
		DisableScriptedObjects (0ms)
		BackupInstance (0ms)
		ReleaseScriptingObjects (0ms)
		CreateAndSetChildDomain (1ms)
	RebuildCommonClasses (36ms)
	RebuildNativeTypeToScriptingClass (10ms)
	initialDomainReloadingComplete (43ms)
	LoadAllAssembliesAndSetupDomain (147ms)
		LoadAssemblies (117ms)
		RebuildTransferFunctionScriptingTraits (0ms)
		AnalyzeDomain (145ms)
			TypeCache.Refresh (143ms)
				TypeCache.ScanAssembly (130ms)
			BuildScriptInfoCaches (0ms)
			ResolveRequiredComponents (0ms)
	FinalizeReload (349ms)
		ReleaseScriptCaches (0ms)
		RebuildScriptCaches (0ms)
		SetupLoadedEditorAssemblies (311ms)
			LogAssemblyErrors (0ms)
			InitializePlatformSupportModulesInManaged (83ms)
			SetLoadedEditorAssemblies (5ms)
			BeforeProcessingInitializeOnLoad (51ms)
			ProcessInitializeOnLoadAttributes (123ms)
			ProcessInitializeOnLoadMethodAttributes (49ms)
			AfterProcessingInitializeOnLoad (0ms)
			EditorAssembliesLoaded (0ms)
		ExecutionOrderSort2 (0ms)
		AwakeInstancesAfterBackupRestoration (0ms)
========================================================================
Worker process is ready to serve import requests
Import Worker Mode flag is 0x00
Begin MonoManager ReloadAssembly
- Loaded All Assemblies, in  0.655 seconds
Refreshing native plugins compatible for Editor in 0.46 ms, found 3 plugins.
Native extension for WindowsStandalone target not found
Native extension for WebGL target not found
Mono: successfully reloaded assembly
- Finished resetting the current domain, in  0.683 seconds
Domain Reload Profiling: 1337ms
	BeginReloadAssembly (160ms)
		ExecutionOrderSort (0ms)
		DisableScriptedObjects (8ms)
		BackupInstance (0ms)
		ReleaseScriptingObjects (0ms)
		CreateAndSetChildDomain (26ms)
	RebuildCommonClasses (35ms)
	RebuildNativeTypeToScriptingClass (8ms)
	initialDomainReloadingComplete (35ms)
	LoadAllAssembliesAndSetupDomain (415ms)
		LoadAssemblies (295ms)
		RebuildTransferFunctionScriptingTraits (0ms)
		AnalyzeDomain (213ms)
			TypeCache.Refresh (159ms)
				TypeCache.ScanAssembly (145ms)
			BuildScriptInfoCaches (40ms)
			ResolveRequiredComponents (9ms)
	FinalizeReload (684ms)
		ReleaseScriptCaches (0ms)
		RebuildScriptCaches (0ms)
		SetupLoadedEditorAssemblies (492ms)
			LogAssemblyErrors (0ms)
			InitializePlatformSupportModulesInManaged (12ms)
			SetLoadedEditorAssemblies (5ms)
			BeforeProcessingInitializeOnLoad (96ms)
			ProcessInitializeOnLoadAttributes (329ms)
			ProcessInitializeOnLoadMethodAttributes (49ms)
			AfterProcessingInitializeOnLoad (2ms)
			EditorAssembliesLoaded (0ms)
		ExecutionOrderSort2 (0ms)
		AwakeInstancesAfterBackupRestoration (6ms)
Launched and connected shader compiler UnityShaderCompiler.exe after 0.01 seconds
Refreshing native plugins compatible for Editor in 0.52 ms, found 3 plugins.
Preloading 0 native plugins for Editor in 0.00 ms.
Unloading 203 Unused Serialized files (Serialized files now loaded: 0)
Unloading 5970 unused Assets / (4.0 MB). Loaded Objects now: 6685.
Memory consumption went from 180.1 MB to 176.1 MB.
Total: 5.991800 ms (FindLiveObjects: 0.468000 ms CreateObjectMapping: 0.326600 ms MarkObjects: 3.666700 ms  DeleteObjects: 1.529600 ms)

========================================================================
Received Import Request.
  Time since last request: 815796.506773 seconds.
  path: Assets/School 1/Prefabs/picture_039.prefab
  artifactKey: Guid(ad584525fcaeb4b4185b26dd0e463057) Importer(815301076,1909f56bfc062723c751e8b465ee728b)
Start importing Assets/School 1/Prefabs/picture_039.prefab using Guid(ad584525fcaeb4b4185b26dd0e463057) Importer(815301076,1909f56bfc062723c751e8b465ee728b) (PreviewImporter) -> (artifact id: '8a6ababe5f887d584313411eda563263') in 0.4942558 seconds
Number of updated asset objects reloaded before import = 0Number of asset objects unloaded after import = 17

========================================================================
Received Import Request.
  Time since last request: 0.000040 seconds.
  path: Assets/School 1/Prefabs/prop_026.prefab
  artifactKey: Guid(23ea7b6b7e79cb946b044845e1f38005) Importer(815301076,1909f56bfc062723c751e8b465ee728b)
Start importing Assets/School 1/Prefabs/prop_026.prefab using Guid(23ea7b6b7e79cb946b044845e1f38005) Importer(815301076,1909f56bfc062723c751e8b465ee728b) (PreviewImporter) -> (artifact id: '27420078a2bc854cfa94f272f2dc8146') in 0.028767 seconds
Number of updated asset objects reloaded before import = 0Number of asset objects unloaded after import = 17

========================================================================
Received Import Request.
  Time since last request: 0.000027 seconds.
  path: Assets/School 1/Prefabs/prop_013.prefab
  artifactKey: Guid(8ab434508efd94d46aa2ec203dc0b3e6) Importer(815301076,1909f56bfc062723c751e8b465ee728b)
Start importing Assets/School 1/Prefabs/prop_013.prefab using Guid(8ab434508efd94d46aa2ec203dc0b3e6) Importer(815301076,1909f56bfc062723c751e8b465ee728b) (PreviewImporter) -> (artifact id: '229bbd47a056820153ff025fbd1eef53') in 0.0216797 seconds
Number of updated asset objects reloaded before import = 0Number of asset objects unloaded after import = 17

========================================================================
Received Import Request.
  Time since last request: 0.000021 seconds.
  path: Assets/School 1/Prefabs/picture_050.prefab
  artifactKey: Guid(0e40e9a906402204dbcd74f30e7ea5fd) Importer(815301076,1909f56bfc062723c751e8b465ee728b)
Start importing Assets/School 1/Prefabs/picture_050.prefab using Guid(0e40e9a906402204dbcd74f30e7ea5fd) Importer(815301076,1909f56bfc062723c751e8b465ee728b) (PreviewImporter) -> (artifact id: '0a1ab1fbaefcee6f46a6d88d0ce8b8fa') in 0.0252546 seconds
Number of updated asset objects reloaded before import = 0Number of asset objects unloaded after import = 17

========================================================================
Received Import Request.
  Time since last request: 0.000024 seconds.
  path: Assets/School 1/Prefabs/prop_029.prefab
  artifactKey: Guid(2b63f34bf51eec34cabc468142dfbfd3) Importer(815301076,1909f56bfc062723c751e8b465ee728b)
Start importing Assets/School 1/Prefabs/prop_029.prefab using Guid(2b63f34bf51eec34cabc468142dfbfd3) Importer(815301076,1909f56bfc062723c751e8b465ee728b) (PreviewImporter) -> (artifact id: '572dabf425af0471270bee6e4fe17625') in 0.0268047 seconds
Number of updated asset objects reloaded before import = 0Number of asset objects unloaded after import = 17

========================================================================
Received Import Request.
  Time since last request: 0.000095 seconds.
  path: Assets/School 1/Prefabs/picture_063.prefab
  artifactKey: Guid(be7f5ec118164664fa5171739ec23f3e) Importer(815301076,1909f56bfc062723c751e8b465ee728b)
Start importing Assets/School 1/Prefabs/picture_063.prefab using Guid(be7f5ec118164664fa5171739ec23f3e) Importer(815301076,1909f56bfc062723c751e8b465ee728b) (PreviewImporter) -> (artifact id: '191b08b4d0c45bc8678c517e24767023') in 0.026356 seconds
Number of updated asset objects reloaded before import = 0Number of asset objects unloaded after import = 17

========================================================================
Received Import Request.
  Time since last request: 0.000035 seconds.
  path: Assets/School 1/Prefabs/picture_058.prefab
  artifactKey: Guid(f2aed8adf40537e4aa788f60354141fb) Importer(815301076,1909f56bfc062723c751e8b465ee728b)
Start importing Assets/School 1/Prefabs/picture_058.prefab using Guid(f2aed8adf40537e4aa788f60354141fb) Importer(815301076,1909f56bfc062723c751e8b465ee728b) (PreviewImporter) -> (artifact id: '4441112e4fc7695c3d0ddcb38478d3b6') in 0.0216316 seconds
Number of updated asset objects reloaded before import = 0Number of asset objects unloaded after import = 17

========================================================================
Received Import Request.
  Time since last request: 0.000027 seconds.
  path: Assets/School 1/Prefabs/prop_030.prefab
  artifactKey: Guid(02f193031c715b54eaa40fb4be29a6c8) Importer(815301076,1909f56bfc062723c751e8b465ee728b)
Start importing Assets/School 1/Prefabs/prop_030.prefab using Guid(02f193031c715b54eaa40fb4be29a6c8) Importer(815301076,1909f56bfc062723c751e8b465ee728b) (PreviewImporter) -> (artifact id: 'c57c75673690bdd117112f283d82e49e') in 0.0206077 seconds
Number of updated asset objects reloaded before import = 0Number of asset objects unloaded after import = 17

========================================================================
Received Import Request.
  Time since last request: 0.000056 seconds.
  path: Assets/School 1/Prefabs/picture_045.prefab
  artifactKey: Guid(9a60cff30c5db12419770883df773b6d) Importer(815301076,1909f56bfc062723c751e8b465ee728b)
Start importing Assets/School 1/Prefabs/picture_045.prefab using Guid(9a60cff30c5db12419770883df773b6d) Importer(815301076,1909f56bfc062723c751e8b465ee728b) (PreviewImporter) -> (artifact id: '24cd2fda1c84820c2290503e18b8ffaa') in 0.0243181 seconds
Number of updated asset objects reloaded before import = 0Number of asset objects unloaded after import = 17

========================================================================
Received Import Request.
  Time since last request: 0.000021 seconds.
  path: Assets/School 1/Prefabs/prop_046.prefab
  artifactKey: Guid(0aa83a0525526444680e37c665423816) Importer(815301076,1909f56bfc062723c751e8b465ee728b)
Start importing Assets/School 1/Prefabs/prop_046.prefab using Guid(0aa83a0525526444680e37c665423816) Importer(815301076,1909f56bfc062723c751e8b465ee728b) (PreviewImporter) -> (artifact id: '095c8a1abc82679041e9c2536eab7a92') in 0.0207408 seconds
Number of updated asset objects reloaded before import = 0Number of asset objects unloaded after import = 17

========================================================================
Received Import Request.
  Time since last request: 0.000020 seconds.
  path: Assets/School 1/Prefabs/prop_043.prefab
  artifactKey: Guid(a423b5c5f01edee4c87bdc33646231b4) Importer(815301076,1909f56bfc062723c751e8b465ee728b)
Start importing Assets/School 1/Prefabs/prop_043.prefab using Guid(a423b5c5f01edee4c87bdc33646231b4) Importer(815301076,1909f56bfc062723c751e8b465ee728b) (PreviewImporter) -> (artifact id: 'ee5dcfc137709b6fbf874fd47ba18aae') in 0.0183973 seconds
Number of updated asset objects reloaded before import = 0Number of asset objects unloaded after import = 17

========================================================================
Received Import Request.
  Time since last request: 0.000054 seconds.
  path: Assets/School 1/Prefabs/pillow_007.prefab
  artifactKey: Guid(fbf25c7111548ba479dc2bd948b2317a) Importer(815301076,1909f56bfc062723c751e8b465ee728b)
Start importing Assets/School 1/Prefabs/pillow_007.prefab using Guid(fbf25c7111548ba479dc2bd948b2317a) Importer(815301076,1909f56bfc062723c751e8b465ee728b) (PreviewImporter) -> (artifact id: 'a2022dc05d4ff8e3626d4a9853112414') in 0.0218844 seconds
Number of updated asset objects reloaded before import = 0Number of asset objects unloaded after import = 17

========================================================================
Received Import Request.
  Time since last request: 0.000032 seconds.
  path: Assets/School 1/Prefabs/prop_032.prefab
  artifactKey: Guid(8b2a79b347cf4b04d8c0be6a64609830) Importer(815301076,1909f56bfc062723c751e8b465ee728b)
Start importing Assets/School 1/Prefabs/prop_032.prefab using Guid(8b2a79b347cf4b04d8c0be6a64609830) Importer(815301076,1909f56bfc062723c751e8b465ee728b) (PreviewImporter) -> (artifact id: '2e2fc38680cca85803b8035cd5a76ad2') in 0.0247134 seconds
Number of updated asset objects reloaded before import = 0Number of asset objects unloaded after import = 17

========================================================================
Received Import Request.
  Time since last request: 0.000023 seconds.
  path: Assets/School 1/Prefabs/pillow_023.prefab
  artifactKey: Guid(bf07cdaf8f7adc44883e29cba00cd35c) Importer(815301076,1909f56bfc062723c751e8b465ee728b)
Start importing Assets/School 1/Prefabs/pillow_023.prefab using Guid(bf07cdaf8f7adc44883e29cba00cd35c) Importer(815301076,1909f56bfc062723c751e8b465ee728b) (PreviewImporter) -> (artifact id: 'b08ad3eaa9b15e82ac1019d81d6d31f0') in 0.0205626 seconds
Number of updated asset objects reloaded before import = 0Number of asset objects unloaded after import = 17

========================================================================
Received Import Request.
  Time since last request: 0.000027 seconds.
  path: Assets/School 1/Prefabs/picture_029.prefab
  artifactKey: Guid(24adc65eac374e449ae93ca64cb81d78) Importer(815301076,1909f56bfc062723c751e8b465ee728b)
Start importing Assets/School 1/Prefabs/picture_029.prefab using Guid(24adc65eac374e449ae93ca64cb81d78) Importer(815301076,1909f56bfc062723c751e8b465ee728b) (PreviewImporter) -> (artifact id: '17fbf9203a65d9bd14681048de6423e1') in 0.0195403 seconds
Number of updated asset objects reloaded before import = 0Number of asset objects unloaded after import = 17

========================================================================
Received Import Request.
  Time since last request: 0.000020 seconds.
  path: Assets/School 1/Prefabs/picture_022.prefab
  artifactKey: Guid(6cb4c1f1933235e4c9c280a24e0c6179) Importer(815301076,1909f56bfc062723c751e8b465ee728b)
Start importing Assets/School 1/Prefabs/picture_022.prefab using Guid(6cb4c1f1933235e4c9c280a24e0c6179) Importer(815301076,1909f56bfc062723c751e8b465ee728b) (PreviewImporter) -> (artifact id: '08dd49efa86a5c4dc56bec85be71e9b2') in 0.0204947 seconds
Number of updated asset objects reloaded before import = 0Number of asset objects unloaded after import = 17

========================================================================
Received Import Request.
  Time since last request: 0.000021 seconds.
  path: Assets/School 1/Prefabs/picture_013.prefab
  artifactKey: Guid(71dee2792187d6e49811f35c4dfb0bac) Importer(815301076,1909f56bfc062723c751e8b465ee728b)
Start importing Assets/School 1/Prefabs/picture_013.prefab using Guid(71dee2792187d6e49811f35c4dfb0bac) Importer(815301076,1909f56bfc062723c751e8b465ee728b) (PreviewImporter) -> (artifact id: '8fea6998f44f0d42ff769a7a83503d34') in 0.0196835 seconds
Number of updated asset objects reloaded before import = 0Number of asset objects unloaded after import = 17

========================================================================
Received Import Request.
  Time since last request: 0.000024 seconds.
  path: Assets/School 1/Prefabs/prop_064.prefab
  artifactKey: Guid(10770a5985b0dc5448738a0c76e52602) Importer(815301076,1909f56bfc062723c751e8b465ee728b)
Start importing Assets/School 1/Prefabs/prop_064.prefab using Guid(10770a5985b0dc5448738a0c76e52602) Importer(815301076,1909f56bfc062723c751e8b465ee728b) (PreviewImporter) -> (artifact id: '6133119565b70bd0f86a40904d48fb84') in 0.0200502 seconds
Number of updated asset objects reloaded before import = 0Number of asset objects unloaded after import = 17

========================================================================
Received Import Request.
  Time since last request: 0.000024 seconds.
  path: Assets/School 1/Prefabs/prop_069.prefab
  artifactKey: Guid(494b87727dc04bc44889858dfa1fd05f) Importer(815301076,1909f56bfc062723c751e8b465ee728b)
Start importing Assets/School 1/Prefabs/prop_069.prefab using Guid(494b87727dc04bc44889858dfa1fd05f) Importer(815301076,1909f56bfc062723c751e8b465ee728b) (PreviewImporter) -> (artifact id: '04cdb9730ba618057f663f063145e8d7') in 0.0201965 seconds
Number of updated asset objects reloaded before import = 0Number of asset objects unloaded after import = 17

========================================================================
Received Import Request.
  Time since last request: 0.000036 seconds.
  path: Assets/School 1/Prefabs/prop_081.prefab
  artifactKey: Guid(d29994ccefafdfe4db3e4950635daedd) Importer(815301076,1909f56bfc062723c751e8b465ee728b)
Start importing Assets/School 1/Prefabs/prop_081.prefab using Guid(d29994ccefafdfe4db3e4950635daedd) Importer(815301076,1909f56bfc062723c751e8b465ee728b) (PreviewImporter) -> (artifact id: 'c62b67cdf8c50a03758d6a2251a4386d') in 0.0193935 seconds
Number of updated asset objects reloaded before import = 0Number of asset objects unloaded after import = 17

========================================================================
Received Import Request.
  Time since last request: 0.000030 seconds.
  path: Assets/School 1/Prefabs/prop_071.prefab
  artifactKey: Guid(8d1cb7da18e8d3c4082e9c00375700c1) Importer(815301076,1909f56bfc062723c751e8b465ee728b)
Start importing Assets/School 1/Prefabs/prop_071.prefab using Guid(8d1cb7da18e8d3c4082e9c00375700c1) Importer(815301076,1909f56bfc062723c751e8b465ee728b) (PreviewImporter) -> (artifact id: '6d67354badbf80a12ae159e69373acb7') in 0.0199451 seconds
Number of updated asset objects reloaded before import = 0Number of asset objects unloaded after import = 17

========================================================================
Received Import Request.
  Time since last request: 0.000046 seconds.
  path: Assets/School 1/Prefabs/prop_058.prefab
  artifactKey: Guid(1a9c89f199a9c9241b7b3d30caab4924) Importer(815301076,1909f56bfc062723c751e8b465ee728b)
Start importing Assets/School 1/Prefabs/prop_058.prefab using Guid(1a9c89f199a9c9241b7b3d30caab4924) Importer(815301076,1909f56bfc062723c751e8b465ee728b) (PreviewImporter) -> (artifact id: '2e0c25c7d0ddc3f6cc2e5661806e6a8b') in 0.0179637 seconds
Number of updated asset objects reloaded before import = 0Number of asset objects unloaded after import = 17

========================================================================
Received Import Request.
  Time since last request: 0.000022 seconds.
  path: Assets/School 1/Prefabs/prop_089.prefab
  artifactKey: Guid(f0f6b781ad70e194d95bcfa8b80512ad) Importer(815301076,1909f56bfc062723c751e8b465ee728b)
Start importing Assets/School 1/Prefabs/prop_089.prefab using Guid(f0f6b781ad70e194d95bcfa8b80512ad) Importer(815301076,1909f56bfc062723c751e8b465ee728b) (PreviewImporter) -> (artifact id: '1301eea4194ffceb370ea3da5854c575') in 0.0191927 seconds
Number of updated asset objects reloaded before import = 0Number of asset objects unloaded after import = 17

========================================================================
Received Import Request.
  Time since last request: 0.000020 seconds.
  path: Assets/School 1/Prefabs/prop_054.prefab
  artifactKey: Guid(b30227427ada79b45a5a2b01d97e7f43) Importer(815301076,1909f56bfc062723c751e8b465ee728b)
Start importing Assets/School 1/Prefabs/prop_054.prefab using Guid(b30227427ada79b45a5a2b01d97e7f43) Importer(815301076,1909f56bfc062723c751e8b465ee728b) (PreviewImporter) -> (artifact id: '229fbc06a9ca7a4bde9b4053c3c1738e') in 0.0206114 seconds
Number of updated asset objects reloaded before import = 0Number of asset objects unloaded after import = 17

========================================================================
Received Import Request.
  Time since last request: 0.000055 seconds.
  path: Assets/School 1/Prefabs/prop_074.prefab
  artifactKey: Guid(dde3f7b20467b9b488716608a193f6a1) Importer(815301076,1909f56bfc062723c751e8b465ee728b)
Start importing Assets/School 1/Prefabs/prop_074.prefab using Guid(dde3f7b20467b9b488716608a193f6a1) Importer(815301076,1909f56bfc062723c751e8b465ee728b) (PreviewImporter) -> (artifact id: 'dd86861f72f572cc9c79fb3f133c4378') in 0.0193098 seconds
Number of updated asset objects reloaded before import = 0Number of asset objects unloaded after import = 17

========================================================================
Received Import Request.
  Time since last request: 0.000028 seconds.
  path: Assets/School 1/Prefabs/Partitions_117.prefab
  artifactKey: Guid(a902785236f428e4abab84c46bb1ced5) Importer(815301076,1909f56bfc062723c751e8b465ee728b)
Start importing Assets/School 1/Prefabs/Partitions_117.prefab using Guid(a902785236f428e4abab84c46bb1ced5) Importer(815301076,1909f56bfc062723c751e8b465ee728b) (PreviewImporter) -> (artifact id: '0786c8d1d1f1e871439f531c0d901210') in 0.0236618 seconds
Number of updated asset objects reloaded before import = 0Number of asset objects unloaded after import = 17

========================================================================
Received Import Request.
  Time since last request: 0.000036 seconds.
  path: Assets/School 1/Prefabs/Partitions_156.prefab
  artifactKey: Guid(cae5031500662cb4da02fa9b8a89b7fc) Importer(815301076,1909f56bfc062723c751e8b465ee728b)
Start importing Assets/School 1/Prefabs/Partitions_156.prefab using Guid(cae5031500662cb4da02fa9b8a89b7fc) Importer(815301076,1909f56bfc062723c751e8b465ee728b) (PreviewImporter) -> (artifact id: 'bc0d907854eb6cb8a7e8eb7d1a4ec46b') in 0.0202343 seconds
Number of updated asset objects reloaded before import = 0Number of asset objects unloaded after import = 17

========================================================================
Received Import Request.
  Time since last request: 0.000054 seconds.
  path: Assets/School 1/Prefabs/prop_001.prefab
  artifactKey: Guid(7a0bc57a58a7eb9458c0c1a3e58c7abc) Importer(815301076,1909f56bfc062723c751e8b465ee728b)
Start importing Assets/School 1/Prefabs/prop_001.prefab using Guid(7a0bc57a58a7eb9458c0c1a3e58c7abc) Importer(815301076,1909f56bfc062723c751e8b465ee728b) (PreviewImporter) -> (artifact id: 'c9c23d8626e8e4d2c5be487890ab48ed') in 0.0201804 seconds
Number of updated asset objects reloaded before import = 0Number of asset objects unloaded after import = 17

========================================================================
Received Import Request.
  Time since last request: 0.000044 seconds.
  path: Assets/School 1/Prefabs/Partitions_120.prefab
  artifactKey: Guid(83caef2ce4be7194ebe7373dcd9cd739) Importer(815301076,1909f56bfc062723c751e8b465ee728b)
Start importing Assets/School 1/Prefabs/Partitions_120.prefab using Guid(83caef2ce4be7194ebe7373dcd9cd739) Importer(815301076,1909f56bfc062723c751e8b465ee728b) (PreviewImporter) -> (artifact id: 'dd1a18dfdc6d6ccc5c1908fbda371f8d') in 0.0224966 seconds
Number of updated asset objects reloaded before import = 0Number of asset objects unloaded after import = 17

========================================================================
Received Import Request.
  Time since last request: 0.000053 seconds.
  path: Assets/School 1/Prefabs/prop_057.prefab
  artifactKey: Guid(4732d45083af23f4dba6042fb93779d1) Importer(815301076,1909f56bfc062723c751e8b465ee728b)
Start importing Assets/School 1/Prefabs/prop_057.prefab using Guid(4732d45083af23f4dba6042fb93779d1) Importer(815301076,1909f56bfc062723c751e8b465ee728b) (PreviewImporter) -> (artifact id: '17f9cc84dabbbc246cd380fe7cab6acf') in 0.0235279 seconds
Number of updated asset objects reloaded before import = 0Number of asset objects unloaded after import = 17

========================================================================
Received Import Request.
  Time since last request: 0.000028 seconds.
  path: Assets/School 1/Prefabs/picture_064.prefab
  artifactKey: Guid(c5f4b443063fe0647b3acef1fb57c49f) Importer(815301076,1909f56bfc062723c751e8b465ee728b)
Start importing Assets/School 1/Prefabs/picture_064.prefab using Guid(c5f4b443063fe0647b3acef1fb57c49f) Importer(815301076,1909f56bfc062723c751e8b465ee728b) (PreviewImporter) -> (artifact id: '4bc4848e3541278c182389dddbb5edc2') in 0.0192405 seconds
Number of updated asset objects reloaded before import = 0Number of asset objects unloaded after import = 17

========================================================================
Received Import Request.
  Time since last request: 0.000024 seconds.
  path: Assets/School 1/Prefabs/prop_083.prefab
  artifactKey: Guid(f05e6b9c3d3e5984aa846bf23c8cfe99) Importer(815301076,1909f56bfc062723c751e8b465ee728b)
Start importing Assets/School 1/Prefabs/prop_083.prefab using Guid(f05e6b9c3d3e5984aa846bf23c8cfe99) Importer(815301076,1909f56bfc062723c751e8b465ee728b) (PreviewImporter) -> (artifact id: 'f0ba54c41d40b167ef2ab58f23ae3919') in 0.0192386 seconds
Number of updated asset objects reloaded before import = 0Number of asset objects unloaded after import = 17

========================================================================
Received Import Request.
  Time since last request: 0.000043 seconds.
  path: Assets/School 1/Prefabs/picture_034.prefab
  artifactKey: Guid(40dafb34480ab4840ad159ccc93d2430) Importer(815301076,1909f56bfc062723c751e8b465ee728b)
Start importing Assets/School 1/Prefabs/picture_034.prefab using Guid(40dafb34480ab4840ad159ccc93d2430) Importer(815301076,1909f56bfc062723c751e8b465ee728b) (PreviewImporter) -> (artifact id: '8ada3c928c7cf1eb86958122235d14b3') in 0.0237646 seconds
Number of updated asset objects reloaded before import = 0Number of asset objects unloaded after import = 17

========================================================================
Received Import Request.
  Time since last request: 0.000018 seconds.
  path: Assets/School 1/Prefabs/picture_005.prefab
  artifactKey: Guid(617c3ec0623627a41aaa9de3fa79eae9) Importer(815301076,1909f56bfc062723c751e8b465ee728b)
Start importing Assets/School 1/Prefabs/picture_005.prefab using Guid(617c3ec0623627a41aaa9de3fa79eae9) Importer(815301076,1909f56bfc062723c751e8b465ee728b) (PreviewImporter) -> (artifact id: '748f17c7fb939c5f7ae3f0900df06947') in 0.0241679 seconds
Number of updated asset objects reloaded before import = 0Number of asset objects unloaded after import = 17

========================================================================
Received Import Request.
  Time since last request: 0.000057 seconds.
  path: Assets/School 1/Prefabs/Partitions_066.prefab
  artifactKey: Guid(18763c4cc48f66a40b5db37ccb0d4aaf) Importer(815301076,1909f56bfc062723c751e8b465ee728b)
Start importing Assets/School 1/Prefabs/Partitions_066.prefab using Guid(18763c4cc48f66a40b5db37ccb0d4aaf) Importer(815301076,1909f56bfc062723c751e8b465ee728b) (PreviewImporter) -> (artifact id: 'e03c00a8e6159bc4ef00fbea703b8e6f') in 0.0221313 seconds
Number of updated asset objects reloaded before import = 0Number of asset objects unloaded after import = 17

========================================================================
Received Import Request.
  Time since last request: 0.000040 seconds.
  path: Assets/School 1/Prefabs/Partitions_123.prefab
  artifactKey: Guid(0e357e4270b61cb4182f519a73339fd3) Importer(815301076,1909f56bfc062723c751e8b465ee728b)
Start importing Assets/School 1/Prefabs/Partitions_123.prefab using Guid(0e357e4270b61cb4182f519a73339fd3) Importer(815301076,1909f56bfc062723c751e8b465ee728b) (PreviewImporter) -> (artifact id: '29270c26b3dc1ab78f9b1f37a395dd08') in 0.0216956 seconds
Number of updated asset objects reloaded before import = 0Number of asset objects unloaded after import = 17

========================================================================
Received Import Request.
  Time since last request: 0.000030 seconds.
  path: Assets/School 1/Prefabs/prop_050.prefab
  artifactKey: Guid(2f94d0d6c504b9d4f8013c311ae6479a) Importer(815301076,1909f56bfc062723c751e8b465ee728b)
Start importing Assets/School 1/Prefabs/prop_050.prefab using Guid(2f94d0d6c504b9d4f8013c311ae6479a) Importer(815301076,1909f56bfc062723c751e8b465ee728b) (PreviewImporter) -> (artifact id: 'a3983c91a13c6fb5a3c63324f57c80f1') in 0.0249141 seconds
Number of updated asset objects reloaded before import = 0Number of asset objects unloaded after import = 17

========================================================================
Received Import Request.
  Time since last request: 0.000058 seconds.
  path: Assets/School 1/Prefabs/prop_063.prefab
  artifactKey: Guid(d0a6c7b53097bbc40924cc13a2f80cad) Importer(815301076,1909f56bfc062723c751e8b465ee728b)
Start importing Assets/School 1/Prefabs/prop_063.prefab using Guid(d0a6c7b53097bbc40924cc13a2f80cad) Importer(815301076,1909f56bfc062723c751e8b465ee728b) (PreviewImporter) -> (artifact id: '567961d4d4a0706c96f73c13f61afaed') in 0.0176469 seconds
Number of updated asset objects reloaded before import = 0Number of asset objects unloaded after import = 17

========================================================================
Received Import Request.
  Time since last request: 0.000036 seconds.
  path: Assets/School 1/Prefabs/Partitions_088.prefab
  artifactKey: Guid(c738dc9fb59913e4d8123cc8addcb69a) Importer(815301076,1909f56bfc062723c751e8b465ee728b)
Start importing Assets/School 1/Prefabs/Partitions_088.prefab using Guid(c738dc9fb59913e4d8123cc8addcb69a) Importer(815301076,1909f56bfc062723c751e8b465ee728b) (PreviewImporter) -> (artifact id: '95cd2e6101079466cdd6bbe07e4cd3dc') in 0.0200335 seconds
Number of updated asset objects reloaded before import = 0Number of asset objects unloaded after import = 17

========================================================================
Received Import Request.
  Time since last request: 0.000025 seconds.
  path: Assets/School 1/Prefabs/prop_078.prefab
  artifactKey: Guid(270e27345b973f4419e7027885ac1f7a) Importer(815301076,1909f56bfc062723c751e8b465ee728b)
Start importing Assets/School 1/Prefabs/prop_078.prefab using Guid(270e27345b973f4419e7027885ac1f7a) Importer(815301076,1909f56bfc062723c751e8b465ee728b) (PreviewImporter) -> (artifact id: '2b4ea701d314836d8f652bae04445f24') in 0.0231801 seconds
Number of updated asset objects reloaded before import = 0Number of asset objects unloaded after import = 17

========================================================================
Received Import Request.
  Time since last request: 0.959664 seconds.
  path: Assets/School 1/Prefabs/prop_091.prefab
  artifactKey: Guid(67b3ec890b8c686409b9e3b9e48cb8df) Importer(815301076,1909f56bfc062723c751e8b465ee728b)
Start importing Assets/School 1/Prefabs/prop_091.prefab using Guid(67b3ec890b8c686409b9e3b9e48cb8df) Importer(815301076,1909f56bfc062723c751e8b465ee728b) (PreviewImporter) -> (artifact id: '4d539dc0be0bb6d53a880125a8286c78') in 0.029321 seconds
Number of updated asset objects reloaded before import = 0Number of asset objects unloaded after import = 17

========================================================================
Received Import Request.
  Time since last request: 0.000046 seconds.
  path: Assets/School 1/Prefabs/prop_102.prefab
  artifactKey: Guid(6daec5a78b0f44b43a64d0d3b816e629) Importer(815301076,1909f56bfc062723c751e8b465ee728b)
Start importing Assets/School 1/Prefabs/prop_102.prefab using Guid(6daec5a78b0f44b43a64d0d3b816e629) Importer(815301076,1909f56bfc062723c751e8b465ee728b) (PreviewImporter) -> (artifact id: '8b80a36354f8e84d4349b343609bfff1') in 0.0272652 seconds
Number of updated asset objects reloaded before import = 0Number of asset objects unloaded after import = 17

========================================================================
Received Import Request.
  Time since last request: 0.000020 seconds.
  path: Assets/School 1/Prefabs/prop_104.prefab
  artifactKey: Guid(3c7832ba7bf391e4b9acf3239d8d6335) Importer(815301076,1909f56bfc062723c751e8b465ee728b)
Start importing Assets/School 1/Prefabs/prop_104.prefab using Guid(3c7832ba7bf391e4b9acf3239d8d6335) Importer(815301076,1909f56bfc062723c751e8b465ee728b) (PreviewImporter) -> (artifact id: '947bfb59c921326c7344ce4b805de144') in 0.0305944 seconds
Number of updated asset objects reloaded before import = 0Number of asset objects unloaded after import = 17

========================================================================
Received Import Request.
  Time since last request: 0.000039 seconds.
  path: Assets/School 1/Prefabs/prop_105.prefab
  artifactKey: Guid(dfb3e50fb690bdf4a97fd3a8b3cf9af9) Importer(815301076,1909f56bfc062723c751e8b465ee728b)
Start importing Assets/School 1/Prefabs/prop_105.prefab using Guid(dfb3e50fb690bdf4a97fd3a8b3cf9af9) Importer(815301076,1909f56bfc062723c751e8b465ee728b) (PreviewImporter) -> (artifact id: 'e0c899601d1015859ba6accc4786cd94') in 0.0293588 seconds
Number of updated asset objects reloaded before import = 0Number of asset objects unloaded after import = 17

========================================================================
Received Import Request.
  Time since last request: 0.000036 seconds.
  path: Assets/School 1/Prefabs/prop_097.prefab
  artifactKey: Guid(f013f14c9ebfc7943b245db442acd06c) Importer(815301076,1909f56bfc062723c751e8b465ee728b)
Start importing Assets/School 1/Prefabs/prop_097.prefab using Guid(f013f14c9ebfc7943b245db442acd06c) Importer(815301076,1909f56bfc062723c751e8b465ee728b) (PreviewImporter) -> (artifact id: 'fb2cc9de910f11e7311e54cc1e66fdc1') in 0.0261074 seconds
Number of updated asset objects reloaded before import = 0Number of asset objects unloaded after import = 17

========================================================================
Received Import Request.
  Time since last request: 0.000024 seconds.
  path: Assets/School 1/Prefabs/prop_095.prefab
  artifactKey: Guid(9acb96e077a8fdd428b3be4a082fc2b8) Importer(815301076,1909f56bfc062723c751e8b465ee728b)
Start importing Assets/School 1/Prefabs/prop_095.prefab using Guid(9acb96e077a8fdd428b3be4a082fc2b8) Importer(815301076,1909f56bfc062723c751e8b465ee728b) (PreviewImporter) -> (artifact id: 'd1c141303aa74653a763157c49ec1623') in 0.0243834 seconds
Number of updated asset objects reloaded before import = 0Number of asset objects unloaded after import = 17

Editor requested this worker to shutdown with reason: Scaling down because of idle timeout
AssetImportWorker is now disconnected from the server
Process exiting
Exiting without the bug reporter. Application will terminate with return code 0